# JRE version: Java(TM) SE Runtime Environment (19.0.2+7) (build 19.0.2+7-44)
# Java VM: Java HotSpot(TM) 64-Bit Server VM (19.0.2+7-44, mixed mode, sharing, tiered, compressed oops, compressed class ptrs, g1 gc, windows-amd64)
GC Precious Log:
 CardTable entry size: 512
 Card Set container configuration: InlinePtr #cards 4 size 8 Array Of Cards #cards 16 size 48 Howl #buckets 8 coarsen threshold 3686 Howl Bitmap #cards 512 size 80 coarsen threshold 460 Card regions per heap region 1 cards per card region 4096
 CPUs: 8 total, 8 available
 Memory: 16316M
 Large Page Support: Disabled
 NUMA Support: Disabled
 Compressed Oops: Enabled (Zero based)
 Heap Region Size: 2M
 Heap Min Capacity: 8M
 Heap Initial Capacity: 256M
 Heap Max Capacity: 4080M
 Pre-touch: Disabled
 Parallel Workers: 8
 Concurrent Workers: 2
 Concurrent Refinement Workers: 8
 Periodic GC: Disabled
Heap:
 garbage-first heap   total 163840K, used 90862K [0x0000000701000000, 0x0000000800000000)
  region size 2048K, 12 young (24576K), 3 survivors (6144K)
 Metaspace       used 43492K, committed 44032K, reserved 1114112K
  class space    used 4847K, committed 5120K, reserved 1048576K
GC Heap History (20 events):
Event: 65.756 GC heap before
{Heap before GC invocations=19 (full 0):
 garbage-first heap   total 71680K, used 49172K [0x0000000701000000, 0x0000000800000000)
  region size 2048K, 5 young (10240K), 1 survivors (2048K)
 Metaspace       used 34464K, committed 34816K, reserved 1114112K
  class space    used 3780K, committed 3968K, reserved 1048576K
}
Event: 65.765 GC heap after
{Heap after GC invocations=20 (full 0):
 garbage-first heap   total 71680K, used 43605K [0x0000000701000000, 0x0000000800000000)
  region size 2048K, 1 young (2048K), 1 survivors (2048K)
 Metaspace       used 34464K, committed 34816K, reserved 1114112K
  class space    used 3780K, committed 3968K, reserved 1048576K
}
Event: 66.036 GC heap before
{Heap before GC invocations=21 (full 0):
 garbage-first heap   total 75776K, used 47701K [0x0000000701000000, 0x0000000800000000)
  region size 2048K, 4 young (8192K), 1 survivors (2048K)
 Metaspace       used 34465K, committed 34816K, reserved 1114112K
  class space    used 3780K, committed 3968K, reserved 1048576K
}
Event: 66.043 GC heap after
{Heap after GC invocations=22 (full 0):
 garbage-first heap   total 75776K, used 44011K [0x0000000701000000, 0x0000000800000000)
  region size 2048K, 1 young (2048K), 1 survivors (2048K)
 Metaspace       used 34465K, committed 34816K, reserved 1114112K
  class space    used 3780K, committed 3968K, reserved 1048576K
}
Event: 66.159 GC heap before
{Heap before GC invocations=22 (full 0):
 garbage-first heap   total 75776K, used 46059K [0x0000000701000000, 0x0000000800000000)
  region size 2048K, 2 young (4096K), 1 survivors (2048K)
 Metaspace       used 34559K, committed 34944K, reserved 1114112K
  class space    used 3797K, committed 3968K, reserved 1048576K
}
Event: 66.168 GC heap after
{Heap after GC invocations=23 (full 0):
 garbage-first heap   total 75776K, used 43781K [0x0000000701000000, 0x0000000800000000)
  region size 2048K, 1 young (2048K), 1 survivors (2048K)
 Metaspace       used 34559K, committed 34944K, reserved 1114112K
  class space    used 3797K, committed 3968K, reserved 1048576K
}
Event: 66.967 GC heap before
{Heap before GC invocations=23 (full 0):
 garbage-first heap   total 75776K, used 49925K [0x0000000701000000, 0x0000000800000000)
  region size 2048K, 5 young (10240K), 1 survivors (2048K)
 Metaspace       used 35320K, committed 35648K, reserved 1114112K
  class space    used 3881K, committed 4032K, reserved 1048576K
}
Event: 66.975 GC heap after
{Heap after GC invocations=24 (full 0):
 garbage-first heap   total 194560K, used 44595K [0x0000000701000000, 0x0000000800000000)
  region size 2048K, 1 young (2048K), 1 survivors (2048K)
 Metaspace       used 35320K, committed 35648K, reserved 1114112K
  class space    used 3881K, committed 4032K, reserved 1048576K
}
Event: 71.411 GC heap before
{Heap before GC invocations=25 (full 0):
 garbage-first heap   total 163840K, used 108083K [0x0000000701000000, 0x0000000800000000)
  region size 2048K, 32 young (65536K), 1 survivors (2048K)
 Metaspace       used 37369K, committed 37760K, reserved 1114112K
  class space    used 4113K, committed 4288K, reserved 1048576K
}
Event: 71.441 GC heap after
{Heap after GC invocations=26 (full 0):
 garbage-first heap   total 163840K, used 61859K [0x0000000701000000, 0x0000000800000000)
  region size 2048K, 4 young (8192K), 4 survivors (8192K)
 Metaspace       used 37369K, committed 37760K, reserved 1114112K
  class space    used 4113K, committed 4288K, reserved 1048576K
}
Event: 71.553 GC heap before
{Heap before GC invocations=26 (full 0):
 garbage-first heap   total 163840K, used 63907K [0x0000000701000000, 0x0000000800000000)
  region size 2048K, 5 young (10240K), 4 survivors (8192K)
 Metaspace       used 37374K, committed 37760K, reserved 1114112K
  class space    used 4113K, committed 4288K, reserved 1048576K
}
Event: 71.567 GC heap after
{Heap after GC invocations=27 (full 0):
 garbage-first heap   total 163840K, used 63313K [0x0000000701000000, 0x0000000800000000)
  region size 2048K, 1 young (2048K), 1 survivors (2048K)
 Metaspace       used 37374K, committed 37760K, reserved 1114112K
  class space    used 4113K, committed 4288K, reserved 1048576K
}
Event: 73.876 GC heap before
{Heap before GC invocations=27 (full 0):
 garbage-first heap   total 163840K, used 100177K [0x0000000701000000, 0x0000000800000000)
  region size 2048K, 20 young (40960K), 1 survivors (2048K)
 Metaspace       used 37945K, committed 38336K, reserved 1114112K
  class space    used 4174K, committed 4352K, reserved 1048576K
}
Event: 73.895 GC heap after
{Heap after GC invocations=28 (full 0):
 garbage-first heap   total 163840K, used 72539K [0x0000000701000000, 0x0000000800000000)
  region size 2048K, 3 young (6144K), 3 survivors (6144K)
 Metaspace       used 37945K, committed 38336K, reserved 1114112K
  class space    used 4174K, committed 4352K, reserved 1048576K
}
Event: 83.540 GC heap before
{Heap before GC invocations=28 (full 0):
 garbage-first heap   total 163840K, used 109403K [0x0000000701000000, 0x0000000800000000)
  region size 2048K, 21 young (43008K), 3 survivors (6144K)
 Metaspace       used 38935K, committed 39360K, reserved 1114112K
  class space    used 4280K, committed 4480K, reserved 1048576K
}
Event: 83.546 GC heap after
{Heap after GC invocations=29 (full 0):
 garbage-first heap   total 163840K, used 72397K [0x0000000701000000, 0x0000000800000000)
  region size 2048K, 1 young (2048K), 1 survivors (2048K)
 Metaspace       used 38935K, committed 39360K, reserved 1114112K
  class space    used 4280K, committed 4480K, reserved 1048576K
}
Event: 94.118 GC heap before
{Heap before GC invocations=29 (full 0):
 garbage-first heap   total 163840K, used 113357K [0x0000000701000000, 0x0000000800000000)
  region size 2048K, 21 young (43008K), 1 survivors (2048K)
 Metaspace       used 40334K, committed 40832K, reserved 1114112K
  class space    used 4469K, committed 4736K, reserved 1048576K
}
Event: 94.126 GC heap after
{Heap after GC invocations=30 (full 0):
 garbage-first heap   total 163840K, used 73886K [0x0000000701000000, 0x0000000800000000)
  region size 2048K, 2 young (4096K), 2 survivors (4096K)
 Metaspace       used 40334K, committed 40832K, reserved 1114112K
  class space    used 4469K, committed 4736K, reserved 1048576K
}
Event: 112.300 GC heap before
{Heap before GC invocations=30 (full 0):
 garbage-first heap   total 163840K, used 133278K [0x0000000701000000, 0x0000000800000000)
  region size 2048K, 23 young (47104K), 2 survivors (4096K)
 Metaspace       used 42181K, committed 42688K, reserved 1114112K
  class space    used 4686K, committed 4928K, reserved 1048576K
}
Event: 112.315 GC heap after
{Heap after GC invocations=31 (full 0):
 garbage-first heap   total 163840K, used 76526K [0x0000000701000000, 0x0000000800000000)
  region size 2048K, 3 young (6144K), 3 survivors (6144K)
 Metaspace       used 42181K, committed 42688K, reserved 1114112K
  class space    used 4686K, committed 4928K, reserved 1048576K
}

